<?xml version="1.0" encoding="UTF-8"?>
<!-- Generated by org.testng.reporters.JUnitReportReporter -->
<testsuite hostname="DESKTOP-F6V9I9U" failures="0" tests="1" name="Admin.Login" time="4.379" errors="0" timestamp="2023-01-31T20:42:21 IST" skipped="0">
  <testcase classname="Admin.Login" name="Admin_login_Credentials" time="4.379"/>
  <system-out/>
</testsuite> <!-- Admin.Login -->
