<?xml version="1.0" encoding="UTF-8"?>
<!-- Generated by org.testng.reporters.JUnitReportReporter -->
<testsuite hostname="DESKTOP-F6V9I9U" failures="0" tests="1" name="Admin.Single_Invite" time="12.495" errors="0" timestamp="2023-01-31T20:42:21 IST" skipped="0">
  <testcase classname="Admin.Single_Invite" name="ReadDatacampusdata" time="12.495"/>
  <system-out/>
</testsuite> <!-- Admin.Single_Invite -->
