<?xml version="1.0" encoding="UTF-8"?>
<!-- Generated by org.testng.reporters.JUnitReportReporter -->
<testsuite hostname="DESKTOP-F6V9I9U" failures="0" tests="2" name="Admin.Manage_Students" time="8.681" errors="0" timestamp="2023-01-31T20:42:21 IST" skipped="0">
  <testcase classname="Admin.Manage_Students" name="Manage_students_Module" time="6.545"/>
  <system-out/>
  <testcase classname="Admin.Manage_Students" name="Invite_Function" time="2.136"/>
  <system-out/>
</testsuite> <!-- Admin.Manage_Students -->
